-34541
490 479 66
315 169 59
214 349 54
266 21 54
214 374 52
177 235 45
398 197 45
398 374 44
148 208 43
324 171 41
408 85 40
370 107 39
43 218 38
431 261 36
314 220 34
498 126 33
477 207 30
408 126 28
185 460 26
329 354 25
276 43 25
157 117 22
246 72 21
311 417 20
402 356 18
54 155 18
354 244 17
296 389 16
372 52 14
282 348 14
159 15 13
34 367 13
192 304 11
463 291 9
350 26 9
410 209 8
254 470 8
284 273 7
285 427 7
163 60 6
465 17 6
135 371 6
206 203 6
279 200 5
487 458 4
465 395 4
43 46 3
299 340 3
461 129 2
187 353 2
317 270 2
86 145 2
429 490 1
446 421 1
140 80 1
487 202 0
146 272 0
115 48 0
394 377 0
120 196 0
197 299 0
402 253 -1
404 339 -1
54 493 -1
420 489 -3
326 483 -4
423 10 -4
485 212 -5
237 490 -5
0 91 -6
146 227 -7
403 236 -7
26 323 -7
493 48 -7
178 114 -8
433 137 -8
157 402 -9
197 5 -9
429 368 -9
444 58 -9
443 377 -9
85 220 -10
497 216 -10
28 328 -11
62 401 -11
423 361 -11
404 6 -11
285 257 -11
159 107 -11
396 496 -11
494 98 -12
350 82 -12
208 304 -12
256 46 -13
135 96 -14
419 214 -15
374 50 -15
15 52 -15
398 57 -15
187 429 -15
260 381 -15
444 249 -15
61 449 -15
103 189 -16
0 206 -16
68 153 -16
288 190 -16
361 329 -17
232 249 -17
3 388 -18
162 54 -18
498 499 -19
235 84 -19
124 491 -19
40 361 -19
109 255 -19
292 244 -19
260 97 -19
191 368 -20
45 301 -20
397 278 -20
460 469 -21
342 73 -21
177 171 -21
310 470 -21
366 218 -21
103 150 -21
343 89 -21
486 131 -21
133 489 -21
206 295 -22
413 411 -22
410 292 -23
274 248 -23
379 493 -23
115 1 -23
458 374 -23
88 245 -24
159 343 -24
306 24 -24
246 59 -25
398 13 -25
3 488 -25
237 196 -25
365 470 -25
174 463 -26
98 63 -26
266 445 -26
342 12 -26
284 479 -27
290 312 -27
448 371 -27
74 339 -28
306 433 -28
362 267 -28
163 236 -28
246 376 -28
436 400 -28
496 354 -28
328 100 -28
230 400 -29
24 313 -29
118 413 -29
485 210 -29
240 341 -29
450 396 -29
470 443 -30
171 352 -30
375 173 -30
301 368 -30
164 445 -31
3 428 -31
59 43 -31
60 161 -31
186 60 -32
496 209 -32
398 400 -32
187 384 -32
156 388 -33
415 54 -33
217 182 -34
111 154 -34
69 48 -34
289 115 -34
110 348 -34
139 469 -34
294 157 -34
407 381 -34
177 329 -34
462 299 -35
486 373 -35
76 20 -35
328 329 -35
221 98 -36
315 437 -36
281 296 -36
394 11 -36
201 479 -36
76 478 -36
34 497 -37
360 457 -37
372 336 -37
426 295 -37
397 381 -37
385 250 -38
41 95 -38
222 216 -38
68 368 -38
357 184 -38
362 74 -38
257 442 -38
443 469 -39
116 91 -39
257 41 -39
134 424 -39
394 494 -39
119 58 -39
45 235 -40
401 197 -40
79 104 -40
477 200 -41
60 108 -41
204 114 -41
114 1 -41
58 322 -41
45 206 -41
27 19 -41
160 159 -41
81 311 -41
344 367 -41
267 125 -42
48 349 -42
115 155 -42
205 44 -42
85 395 -42
291 313 -42
450 354 -42
451 152 -43
113 427 -43
8 345 -43
139 415 -43
439 344 -43
115 495 -44
3 41 -44
35 474 -44
291 126 -44
430 278 -45
120 87 -45
284 361 -45
168 454 -45
378 230 -45
269 32 -45
340 466 -45
79 358 -45
227 354 -45
103 81 -45
206 146 -45
489 158 -46
56 70 -46
173 249 -46
360 349 -46
239 207 -47
447 131 -47
38 42 -47
298 495 -47
447 95 -48
334 278 -48
338 44 -48
310 199 -48
403 7 -48
436 418 -48
255 245 -48
433 430 -48
111 7 -49
291 220 -49
237 199 -49
324 255 -49
310 264 -50
144 199 -50
274 451 -50
444 223 -50
239 21 -50
210 252 -50
105 343 -50
397 337 -50
242 357 -50
432 195 -50
359 32 -50
295 293 -50
18 199 -51
341 224 -51
185 399 -51
84 470 -51
88 39 -51
148 180 -52
234 459 -52
150 441 -52
60 229 -52
398 55 -52
85 251 -52
25 61 -52
307 200 -53
1 278 -53
446 90 -53
454 166 -53
497 86 -53
222 279 -53
52 31 -53
390 200 -53
157 280 -53
248 400 -53
62 428 -54
180 495 -54
109 256 -54
79 221 -54
492 66 -54
385 483 -54
355 463 -54
314 79 -54
120 71 -54
377 5 -54
49 82 -54
113 335 -54
71 9 -55
433 494 -55
468 235 -55
64 42 -55
74 449 -55
294 107 -55
370 11 -55
16 461 -55
165 215 -56
30 24 -56
494 106 -56
148 43 -56
332 143 -57
149 137 -57
327 2 -57
436 216 -57
480 345 -57
90 313 -57
370 222 -57
417 9 -57
351 318 -58
57 280 -58
309 204 -58
377 483 -59
487 474 -59
425 5 -59
423 454 -59
315 393 -59
230 225 -59
118 464 -59
78 173 -60
248 251 -60
100 332 -60
393 287 -60
461 26 -60
42 494 -60
313 29 -60
432 21 -60
184 2 -61
365 185 -61
290 333 -61
407 100 -61
147 214 -61
445 410 -61
281 404 -61
327 457 -61
313 68 -62
290 104 -62
109 179 -62
124 11 -62
80 291 -62
326 341 -62
294 71 -62
49 30 -62
18 481 -62
424 13 -63
357 73 -63
312 240 -63
90 245 -63
263 397 -63
478 405 -63
25 15 -63
330 435 -63
157 337 -63
334 337 -64
201 174 -64
435 441 -65
153 165 -65
158 476 -65
79 24 -65
228 42 -65
349 190 -65
153 30 -65
485 206 -65
420 199 -66
222 383 -66
285 291 -66
370 180 -66
156 179 -66
16 92 -66
428 278 -66
464 74 -66
408 411 -66
365 384 -66
383 115 -66
400 445 -66
395 356 -67
431 164 -67
148 9 -67
35 109 -67
45 316 -67
392 189 -67
473 295 -67
76 445 -68
487 107 -68
465 402 -68
153 12 -68
282 231 -68
452 407 -68
420 460 -68
309 132 -68
262 443 -68
199 328 -68
299 76 -68
179 17 -68
227 318 -69
222 498 -69
448 368 -69
284 297 -69
61 208 -69
394 312 -69
93 494 -69
193 240 -69
83 339 -69
136 199 -69
303 219 -70
454 333 -70
467 264 -70
98 195 -70
263 376 -70
124 196 -70
335 302 -71
375 388 -71
46 466 -71
490 301 -71
405 383 -71
45 471 -71
8 246 -72
341 466 -72
342 459 -72
330 16 -72
156 210 -72
392 121 -72
305 384 -72
200 205 -72
222 462 -72
370 378 -73
32 386 -73
54 96 -73
428 125 -73
226 388 -73
33 29 -73
378 121 -73
399 35 -74
260 373 -74
419 4 -74
349 253 -74
236 442 -74
130 250 -74
392 417 -74
143 461 -74
471 4 -74
142 0 -74
452 311 -74
162 125 -74
311 275 -74
471 348 -75
344 476 -75
431 463 -75
124 318 -75
98 325 -75
391 178 -75
325 143 -75
140 83 -76
294 397 -76
428 44 -76
40 208 -76
27 40 -76
25 86 -76
327 382 -76
262 292 -76
414 480 -76
455 82 -76
79 498 -77
423 400 -77
7 336 -77
38 235 -77
81 19 -77
383 196 -78
124 107 -78
183 31 -78
159 155 -78
48 15 -78
62 473 -78
392 391 -79
121 303 -79
497 81 -79
182 50 -79
98 78 -80
191 217 -80
163 395 -80
154 170 -80
84 443 -80
289 188 -80
304 164 -80
282 375 -81
198 92 -81
434 356 -81
209 408 -81
284 5 -81
165 18 -81
306 430 -81
252 243 -82
44 222 -82
294 490 -82
36 162 -82
443 123 -82
455 342 -82
183 210 -82
282 194 -82
216 212 -83
59 195 -83
455 298 -83
488 457 -83
254 462 -83
191 493 -83
236 268 -83
219 489 -83
311 144 -84
390 395 -84
406 325 -84
90 352 -84
279 423 -85
299 131 -85
277 492 -85
45 438 -85
77 146 -85
366 358 -85
132 45 -85
326 30 -85
194 421 -85
433 125 -85
467 214 -86
383 80 -86
101 388 -86
489 360 -86
26 179 -87
120 499 -87
347 293 -87
109 207 -87
357 399 -87
304 148 -87
194 452 -88
236 411 -88
48 449 -88
188 358 -88
27 375 -89
226 80 -89
407 144 -89
105 17 -89
442 301 -89
50 336 -89
206 173 -89
242 31 -89
396 72 -89
432 480 -89
326 473 -89
349 92 -89
79 138 -89
462 147 -90
363 82 -90
353 483 -90
190 174 -90
208 322 -90
43 491 -90
375 233 -90
178 264 -90
221 150 -90
433 85 -90
393 110 -90
331 432 -90
304 9 -91
371 499 -91
316 479 -91
82 316 -91
233 143 -91
462 74 -92
429 358 -93
118 255 -93
296 440 -93
316 55 -93
300 419 -93
94 209 -93
317 89 -93
330 226 -93
208 256 -93
312 440 -93
412 287 -93
276 260 -93
318 449 -93
96 60 -93
77 43 -93
299 373 -94
138 328 -94
428 259 -94
56 167 -94
93 253 -94
263 198 -94
430 106 -94
443 462 -94
383 292 -94
317 227 -94
417 10 -94
410 261 -95
213 59 -95
487 169 -95
372 229 -95
301 24 -95
201 156 -95
467 22 -96
70 6 -96
135 270 -96
175 430 -96
111 398 -96
411 1 -97
357 474 -97
132 474 -97
301 178 -97
236 454 -97
11 106 -97
167 219 -98
368 438 -98
355 375 -98
9 133 -98
324 146 -98
392 182 -98
11 373 -98
126 443 -98
327 308 -98
177 421 -98
24 100 -98
301 469 -98
427 105 -99
101 308 -99
64 207 -99
247 128 -99
298 349 -99
140 401 -99
488 245 -99
98 7 -99
219 12 -99
151 414 -100
161 193 -100
330 365 -100
424 245 -100
412 256 -100
353 69 -100
