-3520
22 1 96
7 4 95
2 3 91
16 3 90
22 3 90
19 27 90
10 20 87
9 5 85
8 19 85
7 15 84
5 28 84
6 2 84
14 15 83
1 5 83
24 28 83
1 19 82
8 11 82
5 26 80
19 2 79
19 4 79
14 21 79
13 25 79
4 21 78
12 15 78
4 15 78
12 5 78
19 0 78
20 28 77
1 17 76
14 20 76
14 3 76
29 5 75
5 2 74
24 20 74
1 3 72
4 5 72
9 3 72
14 8 71
23 26 70
1 18 70
2 19 70
15 5 70
28 10 69
10 25 69
8 1 69
28 27 68
2 8 68
7 22 68
19 21 68
4 17 68
19 25 68
11 20 67
13 18 67
23 21 67
17 7 66
17 12 66
2 15 66
23 12 65
16 9 65
24 27 64
22 10 64
28 26 64
5 13 62
11 16 62
8 3 62
19 28 61
27 0 60
10 28 60
28 21 59
22 26 59
19 22 59
2 10 58
8 18 57
1 23 56
6 7 56
19 8 56
8 26 55
14 26 55
1 25 54
19 7 54
14 5 54
21 2 53
16 10 53
22 9 52
22 11 52
11 26 52
12 0 52
19 5 51
7 26 51
11 10 51
4 26 51
17 26 51
15 12 51
29 0 50
29 16 49
24 1 49
17 8 49
28 3 49
10 18 49
22 15 48
19 18 48
23 27 48
16 26 48
28 17 48
7 11 47
27 10 47
29 23 47
23 9 47
12 7 47
22 5 46
6 0 46
29 17 46
28 23 45
17 13 44
4 8 44
6 12 44
4 20 44
29 4 43
5 18 43
17 22 43
17 20 43
7 20 42
29 1 42
23 22 42
24 0 42
15 13 41
16 1 40
9 8 39
17 5 39
28 22 38
15 9 38
1 0 38
19 15 37
23 10 37
8 13 37
24 11 36
10 2 36
2 5 36
29 20 36
26 8 36
3 25 36
12 27 35
22 0 35
8 15 35
6 4 34
6 8 34
2 18 34
6 13 34
14 12 34
20 13 33
22 27 32
6 21 31
14 7 31
9 21 30
21 13 30
12 26 30
24 10 30
5 10 30
17 28 30
11 21 30
6 9 29
23 18 29
5 20 29
3 18 28
29 25 28
10 13 28
8 25 27
9 17 27
23 8 26
19 13 26
6 27 26
17 18 26
27 2 25
24 15 25
4 3 25
29 22 25
7 21 24
20 1 24
24 9 23
7 2 23
9 27 23
24 13 23
23 13 23
13 0 23
22 20 23
28 18 23
21 20 22
29 18 22
22 13 21
11 12 21
6 1 21
26 21 21
5 9 20
26 1 20
2 12 19
21 28 19
20 2 19
8 20 19
4 11 18
9 22 18
29 15 18
22 18 18
6 11 17
6 25 17
27 13 15
24 5 14
28 8 13
2 20 13
15 26 12
13 11 12
15 23 12
6 23 11
17 21 11
4 25 10
27 9 10
22 2 10
24 16 10
7 5 9
15 19 9
15 18 9
16 13 9
22 4 8
6 22 8
0 25 7
13 17 6
11 13 6
16 27 6
19 1 5
7 18 5
28 25 5
15 3 4
17 1 4
11 0 4
15 10 3
12 23 2
23 5 2
24 29 1
22 21 1
15 2 1
8 9 1
25 18 0
26 27 0
24 14 -1
6 17 -2
27 1 -2
11 3 -2
19 20 -2
4 19 -2
11 19 -3
7 10 -3
13 2 -4
29 7 -4
27 3 -4
17 23 -5
14 1 -5
23 4 -5
12 8 -6
22 12 -6
15 21 -6
13 19 -6
14 13 -6
8 27 -7
16 25 -7
13 26 -7
4 9 -7
12 13 -7
17 4 -8
29 26 -9
5 3 -9
2 25 -9
23 25 -9
4 23 -10
26 19 -10
10 3 -10
15 1 -10
19 9 -10
15 17 -10
10 0 -11
17 16 -11
12 17 -11
7 1 -11
11 25 -11
6 5 -12
10 1 -12
23 2 -12
5 19 -13
13 27 -13
23 28 -13
4 18 -13
7 3 -13
24 21 -13
7 25 -14
9 25 -14
2 11 -14
27 28 -15
12 9 -15
11 17 -15
19 17 -15
11 22 -16
26 3 -16
29 12 -16
5 21 -17
17 2 -17
5 1 -17
13 10 -17
21 3 -18
1 20 -20
13 12 -20
26 23 -20
4 27 -20
6 19 -21
14 4 -21
22 28 -21
21 1 -21
1 9 -22
26 17 -22
10 26 -22
5 23 -22
4 12 -23
7 8 -23
16 20 -23
8 10 -24
9 0 -24
11 15 -24
4 28 -25
24 26 -25
14 25 -26
16 4 -26
29 28 -27
17 0 -27
7 13 -28
23 0 -29
2 28 -29
5 27 -30
11 18 -30
6 18 -30
29 14 -30
21 0 -30
14 28 -31
24 23 -32
26 20 -32
14 10 -32
12 25 -32
3 0 -32
16 18 -32
23 7 -33
27 25 -33
9 26 -33
22 8 -33
14 18 -34
24 2 -34
29 2 -34
19 10 -34
27 18 -35
12 10 -35
15 20 -35
7 23 -36
24 25 -37
12 18 -37
20 26 -37
20 3 -38
13 21 -38
1 21 -38
26 10 -39
27 17 -39
24 6 -40
9 18 -40
22 16 -42
15 27 -42
12 20 -42
4 0 -42
8 12 -43
15 11 -43
6 3 -44
22 7 -44
24 19 -44
26 0 -44
24 18 -44
29 27 -45
16 8 -45
8 5 -45
2 27 -46
6 10 -46
7 9 -47
16 0 -47
8 28 -47
14 2 -47
5 0 -48
8 23 -48
7 0 -48
15 0 -48
6 26 -49
14 22 -49
7 28 -49
21 18 -49
5 12 -49
1 10 -49
16 28 -50
16 22 -50
11 23 -52
24 22 -53
14 0 -54
2 21 -54
11 9 -55
13 5 -55
9 13 -55
29 8 -55
27 23 -55
9 2 -55
12 28 -55
4 1 -55
11 27 -56
20 18 -56
26 18 -56
16 21 -56
26 9 -58
24 12 -58
7 17 -59
24 7 -60
22 23 -60
26 25 -60
13 9 -60
14 19 -61
15 28 -62
17 25 -62
13 15 -63
28 9 -63
11 28 -63
23 19 -63
14 16 -63
12 19 -64
29 19 -64
5 25 -64
21 25 -65
16 2 -65
12 21 -65
28 1 -65
16 23 -66
6 16 -66
27 5 -66
2 22 -67
29 10 -67
23 3 -67
19 3 -67
13 23 -68
21 27 -68
29 13 -68
9 20 -68
2 17 -68
13 28 -68
6 14 -68
24 4 -70
6 20 -71
11 7 -71
24 17 -71
11 2 -72
28 0 -73
27 20 -73
13 22 -74
13 1 -75
8 0 -75
9 10 -75
12 2 -75
12 3 -77
6 28 -77
13 8 -77
26 5 -77
22 25 -78
17 11 -78
4 16 -78
13 3 -78
23 17 -79
19 12 -80
20 0 -80
26 22 -80
14 9 -80
27 19 -80
1 8 -81
16 15 -81
8 21 -82
15 22 -82
27 22 -83
21 10 -84
16 19 -84
29 3 -84
11 1 -85
20 25 -86
14 17 -87
6 15 -87
2 1 -88
7 12 -88
2 23 -88
15 25 -88
19 26 -89
17 27 -90
14 11 -90
23 15 -90
12 16 -90
17 19 -91
2 26 -91
19 11 -91
0 18 -91
4 10 -91
12 1 -91
16 5 -91
24 8 -91
28 5 -91
27 26 -92
29 11 -92
16 17 -92
6 29 -92
9 28 -93
2 9 -93
16 7 -93
17 3 -93
23 20 -94
16 11 -95
29 21 -96
22 19 -97
24 3 -97
17 10 -98
4 2 -98
4 13 -98
29 9 -99
5 11 -99
7 27 -100
2 0 -100
14 27 -100
17 15 -100
14 23 -100
