-13810
42 20 90
94 21 78
2 62 74
21 68 62
82 27 55
23 64 55
11 54 55
96 59 54
51 47 53
28 78 52
25 71 52
20 61 50
49 28 48
43 62 46
41 48 45
75 77 45
5 21 44
58 28 44
93 12 44
15 29 43
63 72 43
89 63 43
61 83 41
89 22 40
62 71 40
53 0 40
51 89 39
33 39 39
37 50 38
66 46 37
45 66 37
3 77 36
21 34 36
46 3 35
49 30 35
8 74 35
3 62 35
26 65 35
66 40 34
76 29 34
83 78 33
86 42 32
84 78 32
7 4 31
63 86 31
5 64 31
96 40 30
39 78 30
39 64 29
54 76 28
40 22 28
92 99 26
60 49 26
84 69 25
31 42 25
13 55 24
75 6 24
53 97 22
10 79 22
27 89 22
64 95 22
68 34 22
25 86 21
67 99 21
27 20 21
97 39 20
92 61 19
89 92 19
60 79 19
50 15 19
94 16 19
67 35 18
4 81 18
24 78 17
70 83 17
83 63 17
83 74 16
73 72 16
71 89 15
67 4 15
57 93 15
16 79 15
72 73 14
12 64 14
13 64 14
67 90 13
77 81 13
97 11 12
63 3 12
89 54 11
53 82 11
85 96 11
10 94 11
61 96 11
44 91 10
40 64 10
4 61 10
94 80 9
77 3 7
23 95 7
57 59 7
94 83 7
2 64 7
58 50 7
89 12 6
38 20 6
24 79 6
12 58 5
2 15 5
92 95 4
16 99 4
26 58 3
41 34 2
14 74 2
21 25 2
17 79 2
53 40 2
12 56 2
32 56 2
50 79 2
12 24 2
50 72 1
31 2 0
39 18 0
59 12 -1
58 96 -2
25 72 -2
16 61 -3
12 2 -3
58 93 -3
8 79 -3
47 20 -3
75 40 -3
97 56 -3
57 52 -3
2 18 -4
75 24 -4
17 39 -4
55 52 -5
9 48 -6
73 64 -6
17 54 -7
32 2 -7
12 48 -8
86 99 -8
86 89 -9
67 58 -9
56 61 -10
89 64 -10
54 98 -11
0 20 -12
23 69 -12
13 76 -12
91 52 -13
25 59 -13
37 44 -14
22 82 -14
40 58 -15
88 63 -16
76 80 -16
46 8 -16
18 28 -17
37 59 -18
7 28 -19
63 37 -19
0 16 -19
64 35 -19
31 26 -20
77 28 -20
46 35 -20
50 98 -20
70 73 -20
55 81 -21
4 69 -21
11 93 -21
36 58 -21
13 19 -21
37 27 -21
33 35 -22
80 97 -22
56 22 -22
32 92 -22
0 27 -23
74 32 -23
31 19 -23
89 98 -24
17 56 -24
40 94 -24
97 60 -24
17 95 -25
81 59 -25
10 99 -25
33 72 -25
11 66 -25
66 18 -25
43 49 -25
92 81 -25
3 65 -25
54 18 -26
38 30 -26
43 7 -26
74 40 -26
19 55 -26
23 72 -27
23 15 -27
54 22 -28
47 62 -28
86 71 -29
48 15 -30
50 35 -31
84 98 -31
55 35 -32
56 37 -32
53 68 -32
93 85 -32
43 47 -32
57 74 -33
18 24 -33
16 25 -33
13 50 -34
20 64 -34
7 19 -34
4 1 -34
18 34 -35
30 35 -36
97 2 -36
4 26 -36
21 56 -37
94 55 -37
54 29 -38
74 56 -38
53 8 -38
6 35 -38
47 56 -39
41 39 -39
91 48 -39
51 91 -40
92 2 -40
2 95 -41
76 66 -41
39 46 -41
18 2 -42
0 58 -43
75 95 -43
47 36 -43
6 14 -43
87 31 -43
90 89 -43
50 26 -44
49 34 -44
39 63 -44
89 84 -44
59 79 -45
17 55 -45
53 14 -45
3 56 -46
81 65 -46
79 3 -46
83 39 -47
46 74 -47
41 92 -47
2 60 -47
47 37 -47
97 35 -47
2 27 -49
36 72 -49
0 12 -50
67 84 -51
19 47 -51
3 46 -51
46 66 -51
4 66 -52
86 74 -52
17 28 -52
89 37 -52
82 48 -52
12 71 -52
46 12 -52
48 18 -53
52 22 -53
67 66 -53
84 75 -53
18 83 -53
61 66 -53
43 67 -54
0 63 -54
32 30 -55
30 84 -55
59 24 -55
54 97 -55
14 1 -56
40 69 -56
40 4 -56
45 95 -57
56 95 -57
47 82 -57
79 30 -57
20 69 -57
30 45 -58
9 77 -59
15 45 -59
85 3 -59
92 55 -59
6 56 -60
1 79 -60
76 63 -60
70 77 -60
78 22 -61
50 46 -61
62 95 -61
51 97 -62
97 54 -62
52 86 -62
19 7 -63
43 84 -63
91 76 -64
31 84 -64
85 46 -65
66 49 -65
29 99 -66
2 42 -66
50 60 -66
29 60 -66
20 54 -66
4 14 -67
61 30 -67
76 55 -67
63 66 -68
83 72 -68
79 58 -69
16 97 -69
32 27 -70
53 65 -70
53 93 -70
7 65 -70
59 28 -70
68 52 -71
94 64 -71
81 19 -72
14 30 -72
51 98 -72
34 68 -73
93 63 -73
88 97 -74
47 93 -74
58 10 -74
96 78 -74
61 71 -74
94 39 -74
48 53 -74
61 25 -75
21 32 -75
80 66 -75
57 41 -75
50 70 -76
60 63 -77
6 1 -77
31 12 -77
10 90 -77
90 22 -78
59 20 -78
21 47 -78
34 60 -79
94 24 -79
2 49 -79
83 31 -79
96 42 -80
89 4 -80
62 45 -80
75 69 -80
2 80 -80
87 81 -80
76 86 -80
84 50 -81
93 4 -81
88 55 -82
93 24 -83
18 95 -83
23 25 -84
80 68 -84
6 52 -84
23 56 -84
71 68 -84
96 46 -84
21 84 -85
27 55 -85
68 79 -86
1 47 -86
67 49 -86
53 52 -86
6 77 -87
43 12 -87
85 86 -87
6 64 -87
15 20 -87
70 8 -88
22 3 -88
84 45 -88
40 76 -88
25 9 -88
88 78 -88
75 44 -88
10 12 -89
0 83 -89
93 3 -89
23 82 -89
72 98 -90
16 39 -90
42 72 -91
88 79 -91
21 72 -91
72 69 -91
85 69 -91
49 24 -92
90 32 -92
3 66 -92
59 48 -92
50 66 -92
16 1 -93
20 82 -93
26 16 -93
97 27 -93
73 25 -93
52 48 -93
16 30 -94
94 74 -94
83 20 -95
27 98 -95
57 97 -96
51 6 -96
87 88 -96
48 14 -96
77 47 -97
43 65 -97
61 49 -97
50 83 -98
34 77 -98
37 45 -99
91 3 -99
47 78 -100
66 14 -100
87 1 -100
